============================= test session starts ==============================
platform linux -- Python 3.6.8, pytest-4.4.0, py-1.8.0, pluggy-0.9.0
rootdir: /home/nana/Documents/MOKAGUYS/wscleaner
plugins: cov-2.6.1
collected 9 items

test/test_all.py .........                                               [100%]

----------- coverage: platform linux, python 3.6.8-final-0 -----------
Name                           Stmts   Miss  Cover
--------------------------------------------------
wscleaner/__init__.py              0      0   100%
wscleaner/auth.py                 35     14    60%
wscleaner/lib.py                 101      6    94%
wscleaner/main.py                 43     26    40%
wscleaner/mokaguys_logger.py      10      5    50%
--------------------------------------------------
TOTAL                            189     51    73%


========================== 9 passed in 44.68 seconds ===========================
